DRStudy/Library/Bee/Android/Prj/IL2CPP/Gradle/launcher/build/intermediates/manifest_merge_blame_file/release/manifest-merger-blame-release-report.txt
1<?xml version="1.0" encoding="utf-8"?>
2<manifest xmlns:android="http://schemas.android.com/apk/res/android"
3    package="com.ethz.icvr.mdavidi.drstudy"
4    android:installLocation="auto"
5    android:versionCode="1"
6    android:versionName="0.1.0" >
7
8    <uses-sdk
9        android:minSdkVersion="29"
9-->src\main\AndroidManifest.xml
10        android:targetSdkVersion="32" />
10-->src\main\AndroidManifest.xml
11
12    <supports-screens
12-->src\main\AndroidManifest.xml:4:3-163
13        android:anyDensity="true"
13-->src\main\AndroidManifest.xml:4:135-160
14        android:largeScreens="true"
14-->src\main\AndroidManifest.xml:4:78-105
15        android:normalScreens="true"
15-->src\main\AndroidManifest.xml:4:49-77
16        android:smallScreens="true"
16-->src\main\AndroidManifest.xml:4:21-48
17        android:xlargeScreens="true" />
17-->src\main\AndroidManifest.xml:4:106-134
18
19    <uses-permission android:name="android.permission.INTERNET" />
19-->[:unityLibrary] AndroidManifest.xml:11:5-67
19-->[:unityLibrary] AndroidManifest.xml:11:22-64
20
21    <uses-feature
21-->[:unityLibrary] AndroidManifest.xml:13:5-16:31
22        android:name="android.hardware.vr.headtracking"
22-->[:unityLibrary] AndroidManifest.xml:14:9-56
23        android:required="true"
23-->[:unityLibrary] AndroidManifest.xml:15:9-32
24        android:version="1" />
24-->[:unityLibrary] AndroidManifest.xml:16:9-28
25    <uses-feature android:glEsVersion="0x00030000" />
25-->[:unityLibrary] AndroidManifest.xml:17:5-54
25-->[:unityLibrary] AndroidManifest.xml:17:19-51
26    <uses-feature
26-->[:unityLibrary] AndroidManifest.xml:18:5-20:36
27        android:name="android.hardware.vulkan.version"
27-->[:unityLibrary] AndroidManifest.xml:19:9-55
28        android:required="false" />
28-->[:unityLibrary] AndroidManifest.xml:20:9-33
29    <uses-feature
29-->[:unityLibrary] AndroidManifest.xml:21:5-23:36
30        android:name="android.hardware.touchscreen"
30-->[:unityLibrary] AndroidManifest.xml:22:9-52
31        android:required="false" />
31-->[:unityLibrary] AndroidManifest.xml:23:9-33
32    <uses-feature
32-->[:unityLibrary] AndroidManifest.xml:24:5-26:36
33        android:name="android.hardware.touchscreen.multitouch"
33-->[:unityLibrary] AndroidManifest.xml:25:9-63
34        android:required="false" />
34-->[:unityLibrary] AndroidManifest.xml:26:9-33
35    <uses-feature
35-->[:unityLibrary] AndroidManifest.xml:27:5-29:36
36        android:name="android.hardware.touchscreen.multitouch.distinct"
36-->[:unityLibrary] AndroidManifest.xml:28:9-72
37        android:required="false" />
37-->[:unityLibrary] AndroidManifest.xml:29:9-33
38
39    <uses-permission android:name="com.oculus.permission.USE_ANCHOR_API" />
39-->[:unityLibrary] AndroidManifest.xml:31:5-76
39-->[:unityLibrary] AndroidManifest.xml:31:22-73
40
41    <uses-feature
41-->[:unityLibrary] AndroidManifest.xml:33:5-35:36
42        android:name="com.oculus.feature.PASSTHROUGH"
42-->[:unityLibrary] AndroidManifest.xml:34:9-54
43        android:required="false" />
43-->[:unityLibrary] AndroidManifest.xml:35:9-33
44
45    <uses-permission android:name="com.oculus.permission.USE_SCENE" />
45-->[:unityLibrary] AndroidManifest.xml:37:5-71
45-->[:unityLibrary] AndroidManifest.xml:37:22-68
46
47    <application
47-->src\main\AndroidManifest.xml:3:3-83
48        android:allowBackup="false"
48-->[:unityLibrary] AndroidManifest.xml:40:9-36
49        android:extractNativeLibs="true"
49-->[:unityLibrary] AndroidManifest.xml:41:9-41
50        android:icon="@mipmap/app_icon"
50-->src\main\AndroidManifest.xml:3:49-80
51        android:label="@string/app_name"
51-->src\main\AndroidManifest.xml:3:16-48
52        android:networkSecurityConfig="@xml/network_sec_config" >
52-->[:unityLibrary] AndroidManifest.xml:44:9-64
53        <meta-data
53-->[:unityLibrary] AndroidManifest.xml:45:9-47:37
54            android:name="unityplayer.SkipPermissionsDialog"
54-->[:unityLibrary] AndroidManifest.xml:46:13-61
55            android:value="false" />
55-->[:unityLibrary] AndroidManifest.xml:47:13-34
56        <meta-data
56-->[:unityLibrary] AndroidManifest.xml:48:9-50:39
57            android:name="com.samsung.android.vr.application.mode"
57-->[:unityLibrary] AndroidManifest.xml:49:13-67
58            android:value="vr_only" />
58-->[:unityLibrary] AndroidManifest.xml:50:13-36
59        <meta-data
59-->[:unityLibrary] AndroidManifest.xml:51:9-53:37
60            android:name="com.oculus.ossplash.background"
60-->[:unityLibrary] AndroidManifest.xml:52:13-58
61            android:value="black" />
61-->[:unityLibrary] AndroidManifest.xml:53:13-34
62        <meta-data
62-->[:unityLibrary] AndroidManifest.xml:54:9-56:47
63            android:name="com.oculus.supportedDevices"
63-->[:unityLibrary] AndroidManifest.xml:55:13-55
64            android:value="quest2|questpro" />
64-->[:unityLibrary] AndroidManifest.xml:56:13-44
65        <meta-data
65-->[:unityLibrary] AndroidManifest.xml:57:9-59:33
66            android:name="unity.splash-mode"
66-->[:unityLibrary] AndroidManifest.xml:58:13-45
67            android:value="0" />
67-->[:unityLibrary] AndroidManifest.xml:59:13-30
68        <meta-data
68-->[:unityLibrary] AndroidManifest.xml:60:9-62:36
69            android:name="unity.splash-enable"
69-->[:unityLibrary] AndroidManifest.xml:61:13-47
70            android:value="True" />
70-->[:unityLibrary] AndroidManifest.xml:62:13-33
71        <meta-data
71-->[:unityLibrary] AndroidManifest.xml:63:9-65:36
72            android:name="unity.launch-fullscreen"
72-->[:unityLibrary] AndroidManifest.xml:64:13-51
73            android:value="True" />
73-->[:unityLibrary] AndroidManifest.xml:65:13-33
74        <meta-data
74-->[:unityLibrary] AndroidManifest.xml:66:9-68:37
75            android:name="unity.allow-resizable-window"
75-->[:unityLibrary] AndroidManifest.xml:67:13-56
76            android:value="False" />
76-->[:unityLibrary] AndroidManifest.xml:68:13-34
77        <meta-data
77-->[:unityLibrary] AndroidManifest.xml:69:9-71:50
78            android:name="notch.config"
78-->[:unityLibrary] AndroidManifest.xml:70:13-40
79            android:value="portrait|landscape" />
79-->[:unityLibrary] AndroidManifest.xml:71:13-47
80        <meta-data
80-->[:unityLibrary] AndroidManifest.xml:72:9-74:36
81            android:name="unity.auto-report-fully-drawn"
81-->[:unityLibrary] AndroidManifest.xml:73:13-57
82            android:value="true" />
82-->[:unityLibrary] AndroidManifest.xml:74:13-33
83
84        <activity
84-->[:unityLibrary] AndroidManifest.xml:76:9-99:20
85            android:name="com.unity3d.player.UnityPlayerActivity"
85-->[:unityLibrary] AndroidManifest.xml:77:13-66
86            android:configChanges="keyboard|keyboardHidden|navigation|orientation|screenLayout|screenSize|uiMode|density"
86-->[:unityLibrary] AndroidManifest.xml:78:13-122
87            android:excludeFromRecents="true"
87-->[:unityLibrary] AndroidManifest.xml:79:13-46
88            android:exported="true"
88-->[:unityLibrary] AndroidManifest.xml:80:13-36
89            android:hardwareAccelerated="false"
89-->[:unityLibrary] AndroidManifest.xml:81:13-48
90            android:launchMode="singleTask"
90-->[:unityLibrary] AndroidManifest.xml:82:13-44
91            android:resizeableActivity="false"
91-->[:unityLibrary] AndroidManifest.xml:83:13-47
92            android:screenOrientation="landscape"
92-->[:unityLibrary] AndroidManifest.xml:84:13-50
93            android:theme="@android:style/Theme.Black.NoTitleBar.Fullscreen" >
93-->[:unityLibrary] AndroidManifest.xml:85:13-77
94            <intent-filter>
94-->[:unityLibrary] AndroidManifest.xml:86:13-91:29
95                <category android:name="android.intent.category.LAUNCHER" />
95-->[:unityLibrary] AndroidManifest.xml:87:17-77
95-->[:unityLibrary] AndroidManifest.xml:87:27-74
96                <category android:name="com.oculus.intent.category.VR" />
96-->[:unityLibrary] AndroidManifest.xml:88:17-74
96-->[:unityLibrary] AndroidManifest.xml:88:27-71
97
98                <action android:name="android.intent.action.MAIN" />
98-->[:unityLibrary] AndroidManifest.xml:90:17-69
98-->[:unityLibrary] AndroidManifest.xml:90:25-66
99            </intent-filter>
100
101            <meta-data
101-->[:unityLibrary] AndroidManifest.xml:93:13-95:40
102                android:name="com.oculus.vr.focusaware"
102-->[:unityLibrary] AndroidManifest.xml:94:17-56
103                android:value="true" />
103-->[:unityLibrary] AndroidManifest.xml:95:17-37
104            <meta-data
104-->[:unityLibrary] AndroidManifest.xml:96:13-98:40
105                android:name="notch_support"
105-->[:unityLibrary] AndroidManifest.xml:97:17-45
106                android:value="true" />
106-->[:unityLibrary] AndroidManifest.xml:98:17-37
107        </activity>
108
109        <meta-data
109-->[:unityLibrary] AndroidManifest.xml:101:9-103:36
110            android:name="com.unity.xr.oculus.LowOverheadMode"
110-->[:unityLibrary] AndroidManifest.xml:102:13-63
111            android:value="true" />
111-->[:unityLibrary] AndroidManifest.xml:103:13-33
112        <meta-data
112-->[:unityLibrary] AndroidManifest.xml:104:9-106:37
113            android:name="com.unity.xr.oculus.LateLatching"
113-->[:unityLibrary] AndroidManifest.xml:105:13-60
114            android:value="false" />
114-->[:unityLibrary] AndroidManifest.xml:106:13-34
115        <meta-data
115-->[:unityLibrary] AndroidManifest.xml:107:9-109:37
116            android:name="com.unity.xr.oculus.LateLatchingDebug"
116-->[:unityLibrary] AndroidManifest.xml:108:13-65
117            android:value="false" />
117-->[:unityLibrary] AndroidManifest.xml:109:13-34
118    </application>
119
120</manifest>